/usr/lib/python3.6/site-packages/h5py/__init__.py:36: FutureWarning: Conversion of the second argument of issubdtype from `float` to `np.floating` is deprecated. In future, it will be treated as `np.float64 == np.dtype(float).type`.
  from ._conv import register_converters as _register_converters
Using TensorFlow backend.
Loading classifier...
2018-04-10 22:24:14.020883: I tensorflow/core/platform/cpu_feature_guard.cc:140] Your CPU supports instructions that this TensorFlow binary was not compiled to use: SSE4.1 SSE4.2 AVX AVX2 FMA
Loading signal data file...
Loading background data file...
BaseModel: Adding layer...
BaseModel: Adding weights matrix: (5,6)
BaseModel: Adding bias vector: (5,1)
BaseModel: Adding layer...
BaseModel: Adding weights matrix: (1,5)
BaseModel: Adding bias vector: (1,1)
Layer 1
Weights matrix shape: (5,6)
Bias vector shape (5,1)
Layer 2
Weights matrix shape: (1,5)
Bias vector shape (1,1)
Starting stochastic conversion...
Epoch: 0, loss 0.02155599409438702, diff 0.00000, last updated loss 1000.00000
Epoch: 1, loss 0.008378346426554847, diff 1.57282, last updated loss 1000.00000
Epoch: 2, loss 0.006616440791036453, diff 0.26629, last updated loss 1000.00000
Epoch: 3, loss 0.0055907206460425445, diff 0.18347, last updated loss 1000.00000
Epoch: 4, loss 0.004859710824866851, diff 0.15042, last updated loss 1000.00000
Epoch: 5, loss 0.004348280132636171, diff 0.11762, last updated loss 1000.00000
Epoch: 6, loss 0.003992733416567628, diff 0.08905, last updated loss 1000.00000
Epoch: 7, loss 0.0037347127485227276, diff 0.06909, last updated loss 1000.00000
Epoch: 8, loss 0.0035374998728440517, diff 0.05575, last updated loss 1000.00000
Epoch: 9, loss 0.0033805113724745084, diff 0.04644, last updated loss 1000.00000
Epoch: 10, loss 0.0032518316565836045, diff 0.03957, last updated loss 1000.00000
Epoch: 11, loss 0.0031440526124411113, diff 0.03428, last updated loss 1000.00000
Epoch: 12, loss 0.0030522579727871274, diff 0.03007, last updated loss 1000.00000
Epoch: 13, loss 0.0029730170076860377, diff 0.02665, last updated loss 1000.00000
Epoch: 14, loss 0.002903843458710104, diff 0.02382, last updated loss 1000.00000
Epoch: 15, loss 0.002842882350526947, diff 0.02144, last updated loss 1000.00000
Model conversion not sufficient, updating...
Last updated loss: 1000.0
Epoch: 16, loss 0.00278871724387256, diff 0.01942, last updated loss 0.00279
Epoch: 17, loss 0.00274024570400756, diff 0.01769, last updated loss 0.00279
Model conversion not sufficient, updating...
Last updated loss: 0.00278871724387256
Epoch: 18, loss 0.0026965956860577644, diff 0.01619, last updated loss 0.00270
Epoch: 19, loss 0.0026570676327085404, diff 0.01488, last updated loss 0.00270
Model conversion not sufficient, updating...
Last updated loss: 0.0026965956860577644
Epoch: 20, loss 0.0026210933532950717, diff 0.01372, last updated loss 0.00262
Epoch: 21, loss 0.002588206201228878, diff 0.01271, last updated loss 0.00262
Model conversion not sufficient, updating...
Last updated loss: 0.0026210933532950717
Epoch: 22, loss 0.002558019056991515, diff 0.01180, last updated loss 0.00256
Epoch: 23, loss 0.00253020782183082, diff 0.01099, last updated loss 0.00256
Model conversion not sufficient, updating...
Last updated loss: 0.002558019056991515
Epoch: 24, loss 0.002504498874471286, diff 0.01027, last updated loss 0.00250
Epoch: 25, loss 0.0024806594236367217, diff 0.00961, last updated loss 0.00250
Epoch: 26, loss 0.0024584900063539038, diff 0.00902, last updated loss 0.00250
Model conversion not sufficient, updating...
Last updated loss: 0.002504498874471286
Epoch: 27, loss 0.0024378185961277153, diff 0.00848, last updated loss 0.00244
Epoch: 28, loss 0.0024184959324669276, diff 0.00799, last updated loss 0.00244
Epoch: 29, loss 0.0024003917864294897, diff 0.00754, last updated loss 0.00244
Model conversion not sufficient, updating...
Last updated loss: 0.0024378185961277153
Epoch: 30, loss 0.0023833919501932074, diff 0.00713, last updated loss 0.00238
Epoch: 31, loss 0.002367395791482258, diff 0.00676, last updated loss 0.00238
Epoch: 32, loss 0.0023523142521947415, diff 0.00641, last updated loss 0.00238
Epoch: 33, loss 0.002338068198969291, diff 0.00609, last updated loss 0.00238
Model conversion not sufficient, updating...
Last updated loss: 0.0023833919501932074
Epoch: 34, loss 0.002324587054574041, diff 0.00580, last updated loss 0.00232
Epoch: 35, loss 0.002311807654894785, diff 0.00553, last updated loss 0.00232
Epoch: 36, loss 0.002299673288348328, diff 0.00528, last updated loss 0.00232
Epoch: 37, loss 0.002288132883752173, diff 0.00504, last updated loss 0.00232
Model conversion not sufficient, updating...
Last updated loss: 0.002324587054574041
Epoch: 38, loss 0.002277140319764497, diff 0.00483, last updated loss 0.00228
Epoch: 39, loss 0.0022666538344925696, diff 0.00463, last updated loss 0.00228
Epoch: 40, loss 0.0022566355181394037, diff 0.00444, last updated loss 0.00228
Epoch: 41, loss 0.002247050874902419, diff 0.00427, last updated loss 0.00228
Epoch: 42, loss 0.0022378684429686982, diff 0.00410, last updated loss 0.00228
Model conversion not sufficient, updating...
Last updated loss: 0.002277140319764497
Epoch: 43, loss 0.002229059463530029, diff 0.00395, last updated loss 0.00223
Epoch: 44, loss 0.002220597591390239, diff 0.00381, last updated loss 0.00223
Epoch: 45, loss 0.0022124586410515136, diff 0.00368, last updated loss 0.00223
Epoch: 46, loss 0.002204620363217623, diff 0.00356, last updated loss 0.00223
Epoch: 47, loss 0.002197062247497311, diff 0.00344, last updated loss 0.00223
Epoch: 48, loss 0.002189765347773315, diff 0.00333, last updated loss 0.00223
Model conversion not sufficient, updating...
Last updated loss: 0.002229059463530029
Epoch: 49, loss 0.0021827121272567323, diff 0.00323, last updated loss 0.00218
Epoch: 50, loss 0.002175886320699027, diff 0.00314, last updated loss 0.00218
Epoch: 51, loss 0.002169272811606098, diff 0.00305, last updated loss 0.00218
Epoch: 52, loss 0.0021628575226068543, diff 0.00297, last updated loss 0.00218
Epoch: 53, loss 0.002156627317385698, diff 0.00289, last updated loss 0.00218
Epoch: 54, loss 0.00215056991280426, diff 0.00282, last updated loss 0.00218
Epoch: 55, loss 0.002144673800020508, diff 0.00275, last updated loss 0.00218
Model conversion not sufficient, updating...
Last updated loss: 0.0021827121272567323
Epoch: 56, loss 0.0021389281735693555, diff 0.00269, last updated loss 0.00214
Epoch: 57, loss 0.002133322867502812, diff 0.00263, last updated loss 0.00214
Epoch: 58, loss 0.002127848297803478, diff 0.00257, last updated loss 0.00214
Epoch: 59, loss 0.002122495410385859, diff 0.00252, last updated loss 0.00214
Epoch: 60, loss 0.002117255634087953, diff 0.00247, last updated loss 0.00214
Epoch: 61, loss 0.0021121208381326925, diff 0.00243, last updated loss 0.00214
Epoch: 62, loss 0.002107083293606988, diff 0.00239, last updated loss 0.00214
Epoch: 63, loss 0.00210213563856618, diff 0.00235, last updated loss 0.00214
Epoch: 64, loss 0.0020972708464253287, diff 0.00232, last updated loss 0.00214
Model conversion not sufficient, updating...
Last updated loss: 0.0021389281735693555
Epoch: 65, loss 0.0020924821973460745, diff 0.00229, last updated loss 0.00209
Epoch: 66, loss 0.0020877632523705557, diff 0.00226, last updated loss 0.00209
Epoch: 67, loss 0.0020831078300916515, diff 0.00223, last updated loss 0.00209
Epoch: 68, loss 0.002078509985683055, diff 0.00221, last updated loss 0.00209
Epoch: 69, loss 0.0020739639921434332, diff 0.00219, last updated loss 0.00209
Epoch: 70, loss 0.0020694643236365885, diff 0.00217, last updated loss 0.00209
Epoch: 71, loss 0.002065005640834836, diff 0.00216, last updated loss 0.00209
Epoch: 72, loss 0.002060582778195692, diff 0.00215, last updated loss 0.00209
Epoch: 73, loss 0.0020561907331231627, diff 0.00214, last updated loss 0.00209
Epoch: 74, loss 0.0020518246569845473, diff 0.00213, last updated loss 0.00209
Model conversion not sufficient, updating...
Last updated loss: 0.0020924821973460745
Epoch: 75, loss 0.0020474798479722767, diff 0.00212, last updated loss 0.00205
Epoch: 76, loss 0.0020431517458181937, diff 0.00212, last updated loss 0.00205
Epoch: 77, loss 0.0020388359283853175, diff 0.00212, last updated loss 0.00205
Epoch: 78, loss 0.0020345281101798074, diff 0.00212, last updated loss 0.00205
Epoch: 79, loss 0.0020302241428435926, diff 0.00212, last updated loss 0.00205
Epoch: 80, loss 0.002025920017706285, diff 0.00212, last updated loss 0.00205
Epoch: 81, loss 0.0020216118704923887, diff 0.00213, last updated loss 0.00205
Epoch: 82, loss 0.0020172959882956477, diff 0.00214, last updated loss 0.00205
Epoch: 83, loss 0.0020129688189444357, diff 0.00215, last updated loss 0.00205
Epoch: 84, loss 0.002008626982886599, diff 0.00216, last updated loss 0.00205
Model conversion not sufficient, updating...
Last updated loss: 0.0020474798479722767
Epoch: 85, loss 0.00200426728771496, diff 0.00218, last updated loss 0.00200
Epoch: 86, loss 0.0019998867454289826, diff 0.00219, last updated loss 0.00200
Epoch: 87, loss 0.001995482592476589, diff 0.00221, last updated loss 0.00200
Epoch: 88, loss 0.001991052312533905, diff 0.00223, last updated loss 0.00200
Epoch: 89, loss 0.0019865936618513173, diff 0.00224, last updated loss 0.00200
Epoch: 90, loss 0.001982104696813215, diff 0.00226, last updated loss 0.00200
Epoch: 91, loss 0.0019775838031217447, diff 0.00229, last updated loss 0.00200
Epoch: 92, loss 0.001973029725721535, diff 0.00231, last updated loss 0.00200
Epoch: 93, loss 0.001968441598241014, diff 0.00233, last updated loss 0.00200
Model conversion not sufficient, updating...
Last updated loss: 0.00200426728771496
Epoch: 94, loss 0.0019638189703560993, diff 0.00235, last updated loss 0.00196
Epoch: 95, loss 0.0019591618311167744, diff 0.00238, last updated loss 0.00196
Epoch: 96, loss 0.00195447062596554, diff 0.00240, last updated loss 0.00196
Epoch: 97, loss 0.0019497462649824286, diff 0.00242, last updated loss 0.00196
Epoch: 98, loss 0.001944990119887786, diff 0.00245, last updated loss 0.00196
Epoch: 99, loss 0.0019402040075951054, diff 0.00247, last updated loss 0.00196
Epoch: 100, loss 0.0019353901586896306, diff 0.00249, last updated loss 0.00196
Epoch: 101, loss 0.0019305511701373785, diff 0.00251, last updated loss 0.00196
Epoch: 102, loss 0.0019256899427716548, diff 0.00252, last updated loss 0.00196
Model conversion not sufficient, updating...
Last updated loss: 0.0019638189703560993
Epoch: 103, loss 0.0019208096055588048, diff 0.00254, last updated loss 0.00192
Epoch: 104, loss 0.0019159134301422747, diff 0.00256, last updated loss 0.00192
Epoch: 105, loss 0.0019110047404825583, diff 0.00257, last updated loss 0.00192
Epoch: 106, loss 0.00190608682331669, diff 0.00258, last updated loss 0.00192
Epoch: 107, loss 0.0019011628454599424, diff 0.00259, last updated loss 0.00192
Epoch: 108, loss 0.0018962357835594452, diff 0.00260, last updated loss 0.00192
Epoch: 109, loss 0.001891308370805365, diff 0.00261, last updated loss 0.00192
Epoch: 110, loss 0.0018863830634596149, diff 0.00261, last updated loss 0.00192
Model conversion not sufficient, updating...
Last updated loss: 0.0019208096055588048
Epoch: 111, loss 0.001881462028124875, diff 0.00262, last updated loss 0.00188
Epoch: 112, loss 0.001876547148741698, diff 0.00262, last updated loss 0.00188
Epoch: 113, loss 0.0018716400506418225, diff 0.00262, last updated loss 0.00188
Epoch: 114, loss 0.0018667421377993392, diff 0.00262, last updated loss 0.00188
Epoch: 115, loss 0.0018618546388007907, diff 0.00263, last updated loss 0.00188
Epoch: 116, loss 0.0018569786569884266, diff 0.00263, last updated loss 0.00188
Epoch: 117, loss 0.0018521152206227229, diff 0.00263, last updated loss 0.00188
Epoch: 118, loss 0.0018472653296198963, diff 0.00263, last updated loss 0.00188
Model conversion not sufficient, updating...
Last updated loss: 0.001881462028124875
Epoch: 119, loss 0.0018424299962961446, diff 0.00262, last updated loss 0.00184
Epoch: 120, loss 0.0018376102784585801, diff 0.00262, last updated loss 0.00184
Epoch: 121, loss 0.0018328073040232056, diff 0.00262, last updated loss 0.00184
Epoch: 122, loss 0.0018280222870499599, diff 0.00262, last updated loss 0.00184
Epoch: 123, loss 0.0018232565356357017, diff 0.00261, last updated loss 0.00184
Epoch: 124, loss 0.001818511452495418, diff 0.00261, last updated loss 0.00184
Epoch: 125, loss 0.0018137885293049265, diff 0.00260, last updated loss 0.00184
Epoch: 126, loss 0.0018090893359979298, diff 0.00260, last updated loss 0.00184
Model conversion not sufficient, updating...
Last updated loss: 0.0018424299962961446
Epoch: 127, loss 0.0018044155062332124, diff 0.00259, last updated loss 0.00180
Epoch: 128, loss 0.0017997687201991013, diff 0.00258, last updated loss 0.00180
Epoch: 129, loss 0.0017951506858245893, diff 0.00257, last updated loss 0.00180
Epoch: 130, loss 0.0017905631193381837, diff 0.00256, last updated loss 0.00180
Epoch: 131, loss 0.0017860077259711912, diff 0.00255, last updated loss 0.00180
Epoch: 132, loss 0.0017814861814533117, diff 0.00254, last updated loss 0.00180
Epoch: 133, loss 0.0017770001148031548, diff 0.00252, last updated loss 0.00180
Epoch: 134, loss 0.0017725510927807115, diff 0.00251, last updated loss 0.00180
Model conversion not sufficient, updating...
Last updated loss: 0.0018044155062332124
Epoch: 135, loss 0.001768140606246645, diff 0.00249, last updated loss 0.00177
Epoch: 136, loss 0.0017637700585669653, diff 0.00248, last updated loss 0.00177
Epoch: 137, loss 0.001759440756111924, diff 0.00246, last updated loss 0.00177
Epoch: 138, loss 0.0017551539008251464, diff 0.00244, last updated loss 0.00177
Epoch: 139, loss 0.0017509105847817686, diff 0.00242, last updated loss 0.00177
Epoch: 140, loss 0.0017467117866118798, diff 0.00240, last updated loss 0.00177
Epoch: 141, loss 0.0017425583696357376, diff 0.00238, last updated loss 0.00177
Epoch: 142, loss 0.0017384510815384698, diff 0.00236, last updated loss 0.00177
Epoch: 143, loss 0.0017343905554023536, diff 0.00234, last updated loss 0.00177
Model conversion not sufficient, updating...
Last updated loss: 0.001768140606246645
Epoch: 144, loss 0.0017303773119123065, diff 0.00232, last updated loss 0.00173
Epoch: 145, loss 0.001726411762553848, diff 0.00230, last updated loss 0.00173
Epoch: 146, loss 0.0017224942136303176, diff 0.00227, last updated loss 0.00173
Epoch: 147, loss 0.0017186248709368836, diff 0.00225, last updated loss 0.00173
Epoch: 148, loss 0.001714803844941795, diff 0.00223, last updated loss 0.00173
Epoch: 149, loss 0.001711031156339178, diff 0.00220, last updated loss 0.00173
Epoch: 150, loss 0.0017073067418522467, diff 0.00218, last updated loss 0.00173
Epoch: 151, loss 0.0017036304601804851, diff 0.00216, last updated loss 0.00173
Epoch: 152, loss 0.0017000020979982765, diff 0.00213, last updated loss 0.00173
Model conversion not sufficient, updating...
Last updated loss: 0.0017303773119123065
Epoch: 153, loss 0.0016964213759263931, diff 0.00211, last updated loss 0.00170
Epoch: 154, loss 0.0016928879544100969, diff 0.00209, last updated loss 0.00170
Epoch: 155, loss 0.0016894014394496814, diff 0.00206, last updated loss 0.00170
Epoch: 156, loss 0.0016859613881396562, diff 0.00204, last updated loss 0.00170
Epoch: 157, loss 0.0016825673139826847, diff 0.00202, last updated loss 0.00170
Epoch: 158, loss 0.0016792186919525989, diff 0.00199, last updated loss 0.00170
Epoch: 159, loss 0.0016759149632885407, diff 0.00197, last updated loss 0.00170
Epoch: 160, loss 0.0016726555400085768, diff 0.00195, last updated loss 0.00170
Epoch: 161, loss 0.0016694398091366203, diff 0.00193, last updated loss 0.00170
Epoch: 162, loss 0.001666267136641307, diff 0.00190, last updated loss 0.00170
Model conversion not sufficient, updating...
Last updated loss: 0.0016964213759263931
Epoch: 163, loss 0.001663136871089023, diff 0.00188, last updated loss 0.00166
Epoch: 164, loss 0.001660048347016756, diff 0.00186, last updated loss 0.00166
Epoch: 165, loss 0.001657000888032517, diff 0.00184, last updated loss 0.00166
Epoch: 166, loss 0.0016539938096534045, diff 0.00182, last updated loss 0.00166
Epoch: 167, loss 0.0016510264218924445, diff 0.00180, last updated loss 0.00166
Epoch: 168, loss 0.0016480980316067, diff 0.00178, last updated loss 0.00166
Epoch: 169, loss 0.0016452079446194836, diff 0.00176, last updated loss 0.00166
Epoch: 170, loss 0.0016423554676301545, diff 0.00174, last updated loss 0.00166
Epoch: 171, loss 0.0016395399099248544, diff 0.00172, last updated loss 0.00166
Epoch: 172, loss 0.0016367605849016901, diff 0.00170, last updated loss 0.00166
Epoch: 173, loss 0.0016340168114233724, diff 0.00168, last updated loss 0.00166
Epoch: 174, loss 0.0016313079150102594, diff 0.00166, last updated loss 0.00166
Model conversion not sufficient, updating...
Last updated loss: 0.001663136871089023
Epoch: 175, loss 0.001628633228886023, diff 0.00164, last updated loss 0.00163
Epoch: 176, loss 0.0016259920948877436, diff 0.00162, last updated loss 0.00163
Epoch: 177, loss 0.0016233838642517359, diff 0.00161, last updated loss 0.00163
Epoch: 178, loss 0.0016208078982856743, diff 0.00159, last updated loss 0.00163
Epoch: 179, loss 0.0016182635689370305, diff 0.00157, last updated loss 0.00163
Epoch: 180, loss 0.001615750259267202, diff 0.00156, last updated loss 0.00163
Epoch: 181, loss 0.0016132673638401358, diff 0.00154, last updated loss 0.00163
Epoch: 182, loss 0.001610814289033535, diff 0.00152, last updated loss 0.00163
Epoch: 183, loss 0.001608390453280247, diff 0.00151, last updated loss 0.00163
Epoch: 184, loss 0.0016059952872469034, diff 0.00149, last updated loss 0.00163
Epoch: 185, loss 0.0016036282339561524, diff 0.00148, last updated loss 0.00163
Epoch: 186, loss 0.0016012887488585192, diff 0.00146, last updated loss 0.00163
Epoch: 187, loss 0.0015989762998593515, diff 0.00145, last updated loss 0.00163
Model conversion not sufficient, updating...
Last updated loss: 0.001628633228886023
Epoch: 188, loss 0.0015966903673058513, diff 0.00143, last updated loss 0.00160
Epoch: 189, loss 0.0015944304439387562, diff 0.00142, last updated loss 0.00160
Epoch: 190, loss 0.0015921960348129107, diff 0.00140, last updated loss 0.00160
Epoch: 191, loss 0.0015899866571904735, diff 0.00139, last updated loss 0.00160
Epoch: 192, loss 0.0015878018404103006, diff 0.00138, last updated loss 0.00160
Epoch: 193, loss 0.001585641125736579, diff 0.00136, last updated loss 0.00160
Epoch: 194, loss 0.0015835040661896496, diff 0.00135, last updated loss 0.00160
Epoch: 195, loss 0.001581390226361505, diff 0.00134, last updated loss 0.00160
Epoch: 196, loss 0.0015792991822184163, diff 0.00132, last updated loss 0.00160
Epoch: 197, loss 0.0015772305208926493, diff 0.00131, last updated loss 0.00160
Epoch: 198, loss 0.0015751838404652872, diff 0.00130, last updated loss 0.00160
Epoch: 199, loss 0.0015731587497417503, diff 0.00129, last updated loss 0.00160
Epoch: 200, loss 0.00157115486802164, diff 0.00128, last updated loss 0.00160
Epoch: 201, loss 0.0015691718248641538, diff 0.00126, last updated loss 0.00160
Epoch: 202, loss 0.0015672092598503502, diff 0.00125, last updated loss 0.00160
Model conversion not sufficient, updating...
Last updated loss: 0.0015966903673058513
Epoch: 203, loss 0.001565266822343313, diff 0.00124, last updated loss 0.00157
Epoch: 204, loss 0.0015633441712471997, diff 0.00123, last updated loss 0.00157
Epoch: 205, loss 0.001561440974765914, diff 0.00122, last updated loss 0.00157
Epoch: 206, loss 0.0015595569101622907, diff 0.00121, last updated loss 0.00157
Epoch: 207, loss 0.0015576916635183075, diff 0.00120, last updated loss 0.00157
Epoch: 208, loss 0.0015558449294969649, diff 0.00119, last updated loss 0.00157
Epoch: 209, loss 0.0015540164111062594, diff 0.00118, last updated loss 0.00157
Epoch: 210, loss 0.0015522058194657614, diff 0.00117, last updated loss 0.00157
Epoch: 211, loss 0.0015504128735760513, diff 0.00116, last updated loss 0.00157
Epoch: 212, loss 0.001548637300091402, diff 0.00115, last updated loss 0.00157
Epoch: 213, loss 0.0015468788330959195, diff 0.00114, last updated loss 0.00157
Epoch: 214, loss 0.0015451372138833711, diff 0.00113, last updated loss 0.00157
Epoch: 215, loss 0.0015434121907408648, diff 0.00112, last updated loss 0.00157
Epoch: 216, loss 0.0015417035187365237, diff 0.00111, last updated loss 0.00157
Epoch: 217, loss 0.001540010959511278, diff 0.00110, last updated loss 0.00157
Epoch: 218, loss 0.0015383342810748018, diff 0.00109, last updated loss 0.00157
Epoch: 219, loss 0.0015366732576057444, diff 0.00108, last updated loss 0.00157
Epoch: 220, loss 0.001535027669256178, diff 0.00107, last updated loss 0.00157
Model conversion not sufficient, updating...
Last updated loss: 0.001565266822343313
Epoch: 221, loss 0.0015333973019603906, diff 0.00106, last updated loss 0.00153
Epoch: 222, loss 0.0015317819472479453, diff 0.00105, last updated loss 0.00153
Epoch: 223, loss 0.0015301814020610462, diff 0.00105, last updated loss 0.00153
Epoch: 224, loss 0.001528595468576126, diff 0.00104, last updated loss 0.00153
Epoch: 225, loss 0.0015270239540297547, diff 0.00103, last updated loss 0.00153
Epoch: 226, loss 0.001525466670548639, diff 0.00102, last updated loss 0.00153
Epoch: 227, loss 0.0015239234349838497, diff 0.00101, last updated loss 0.00153
Epoch: 228, loss 0.0015223940687491163, diff 0.00100, last updated loss 0.00153
Epoch: 229, loss 0.0015208783976631709, diff 0.00100, last updated loss 0.00153
Epoch: 230, loss 0.0015193762517960833, diff 0.00099, last updated loss 0.00153
Epoch: 231, loss 0.0015178874653195464, diff 0.00098, last updated loss 0.00153
Epoch: 232, loss 0.001516411876361005, diff 0.00097, last updated loss 0.00153
Epoch: 233, loss 0.0015149493268616363, diff 0.00097, last updated loss 0.00153
Epoch: 234, loss 0.001513499662438047, diff 0.00096, last updated loss 0.00153
Epoch: 235, loss 0.001512062732247691, diff 0.00095, last updated loss 0.00153
Epoch: 236, loss 0.0015106383888579312, diff 0.00094, last updated loss 0.00153
Epoch: 237, loss 0.001509226488118675, diff 0.00094, last updated loss 0.00153
Epoch: 238, loss 0.0015078268890385384, diff 0.00093, last updated loss 0.00153
Epoch: 239, loss 0.0015064394536644897, diff 0.00092, last updated loss 0.00153
Epoch: 240, loss 0.0015050640469649523, diff 0.00091, last updated loss 0.00153
Epoch: 241, loss 0.0015037005367162218, diff 0.00091, last updated loss 0.00153
Model conversion not sufficient, updating...
Last updated loss: 0.0015333973019603906
Epoch: 242, loss 0.001502348793392287, diff 0.00090, last updated loss 0.00150
Epoch: 243, loss 0.0015010086900579054, diff 0.00089, last updated loss 0.00150
Epoch: 244, loss 0.0014996801022649025, diff 0.00089, last updated loss 0.00150
Epoch: 245, loss 0.0014983629079517574, diff 0.00088, last updated loss 0.00150
Epoch: 246, loss 0.001497056987346258, diff 0.00087, last updated loss 0.00150
Epoch: 247, loss 0.0014957622228713493, diff 0.00087, last updated loss 0.00150
Epoch: 248, loss 0.0014944784990540542, diff 0.00086, last updated loss 0.00150
Epoch: 249, loss 0.0014932057024374735, diff 0.00085, last updated loss 0.00150
Epoch: 250, loss 0.0014919437214957422, diff 0.00085, last updated loss 0.00150
Epoch: 251, loss 0.0014906924465520794, diff 0.00084, last updated loss 0.00150
Epoch: 252, loss 0.0014894517696996835, diff 0.00083, last updated loss 0.00150
Epoch: 253, loss 0.0014882215847256185, diff 0.00083, last updated loss 0.00150
Epoch: 254, loss 0.0014870017870375503, diff 0.00082, last updated loss 0.00150
Epoch: 255, loss 0.0014857922735933553, diff 0.00081, last updated loss 0.00150
Epoch: 256, loss 0.001484592942833508, diff 0.00081, last updated loss 0.00150
Epoch: 257, loss 0.0014834036946162876, diff 0.00080, last updated loss 0.00150
Epoch: 258, loss 0.0014822244301556777, diff 0.00080, last updated loss 0.00150
Epoch: 259, loss 0.001481055051962003, diff 0.00079, last updated loss 0.00150
Epoch: 260, loss 0.0014798954637851981, diff 0.00078, last updated loss 0.00150
Epoch: 261, loss 0.0014787455705607016, diff 0.00078, last updated loss 0.00150
Epoch: 262, loss 0.0014776052783579338, diff 0.00077, last updated loss 0.00150
Epoch: 263, loss 0.0014764744943312547, diff 0.00077, last updated loss 0.00150
Epoch: 264, loss 0.001475353126673458, diff 0.00076, last updated loss 0.00150
Epoch: 265, loss 0.0014742410845716496, diff 0.00075, last updated loss 0.00150
Epoch: 266, loss 0.0014731382781655229, diff 0.00075, last updated loss 0.00150
Model conversion not sufficient, updating...
Last updated loss: 0.001502348793392287
Epoch: 267, loss 0.0014720446185079446, diff 0.00074, last updated loss 0.00147
Epoch: 268, loss 0.0014709600175277985, diff 0.00074, last updated loss 0.00147
Epoch: 269, loss 0.001469884387995077, diff 0.00073, last updated loss 0.00147
Epoch: 270, loss 0.0014688176434880641, diff 0.00073, last updated loss 0.00147
Epoch: 271, loss 0.0014677596983626454, diff 0.00072, last updated loss 0.00147
Epoch: 272, loss 0.0014667104677236536, diff 0.00072, last updated loss 0.00147
Epoch: 273, loss 0.0014656698673981181, diff 0.00071, last updated loss 0.00147
Epoch: 274, loss 0.0014646378139104876, diff 0.00070, last updated loss 0.00147
Epoch: 275, loss 0.001463614224459623, diff 0.00070, last updated loss 0.00147
Epoch: 276, loss 0.0014625990168975742, diff 0.00069, last updated loss 0.00147
Epoch: 277, loss 0.0014615921097100634, diff 0.00069, last updated loss 0.00147
Epoch: 278, loss 0.0014605934219985523, diff 0.00068, last updated loss 0.00147
Epoch: 279, loss 0.001459602873463939, diff 0.00068, last updated loss 0.00147
Epoch: 280, loss 0.0014586203843916542, diff 0.00067, last updated loss 0.00147
Epoch: 281, loss 0.0014576458756382397, diff 0.00067, last updated loss 0.00147
Epoch: 282, loss 0.001456679268619239, diff 0.00066, last updated loss 0.00147
Epoch: 283, loss 0.0014557204852983883, diff 0.00066, last updated loss 0.00147
Epoch: 284, loss 0.001454769448177988, diff 0.00065, last updated loss 0.00147
Epoch: 285, loss 0.001453826080290448, diff 0.00065, last updated loss 0.00147
Epoch: 286, loss 0.0014528903051908885, diff 0.00064, last updated loss 0.00147
Epoch: 287, loss 0.0014519620469507523, diff 0.00064, last updated loss 0.00147
Epoch: 288, loss 0.0014510412301523556, diff 0.00063, last updated loss 0.00147
Epoch: 289, loss 0.0014501277798843143, diff 0.00063, last updated loss 0.00147
Epoch: 290, loss 0.0014492216217378117, diff 0.00063, last updated loss 0.00147
Epoch: 291, loss 0.0014483226818035758, diff 0.00062, last updated loss 0.00147
Epoch: 292, loss 0.0014474308866696023, diff 0.00062, last updated loss 0.00147
Epoch: 293, loss 0.0014465461634194882, diff 0.00061, last updated loss 0.00147
Epoch: 294, loss 0.0014456684396313298, diff 0.00061, last updated loss 0.00147
Epoch: 295, loss 0.0014447976433772133, diff 0.00060, last updated loss 0.00147
Epoch: 296, loss 0.0014439337032231094, diff 0.00060, last updated loss 0.00147
Model conversion not sufficient, updating...
Last updated loss: 0.0014720446185079446
Epoch: 297, loss 0.0014430765482292371, diff 0.00059, last updated loss 0.00144
Epoch: 298, loss 0.0014422261079508017, diff 0.00059, last updated loss 0.00144
Epoch: 299, loss 0.0014413823124390724, diff 0.00059, last updated loss 0.00144
predicted: [[0.00125886]], truth: 2.767396e-10
predicted: [[0.00122119]], truth: 1.081766e-10
predicted: [[0.00127121]], truth: 2.07095e-09
predicted: [[0.00209568]], truth: 2.3119027e-07
predicted: [[0.00057502]], truth: 2.0439739e-10
